Arguments: 
  /usr/local/bin/node /usr/local/Cellar/yarn/1.19.1/libexec/bin/yarn.js add knex

PATH: 
  /Library/Frameworks/Python.framework/Versions/3.8/bin:/usr/local/bin:/usr/bin:/bin:/usr/sbin:/sbin:/Library/Apple/usr/bin:/Library/Apple/bin:/usr/local/share/dotnet:~/.dotnet/tools:/Users/andylindsay/.rvm/bin

Yarn version: 
  1.19.1

Node version: 
  10.15.1

Platform: 
  darwin x64

Trace: 
  Error: EACCES: permission denied, mkdir '/Users/andylindsay/lighthouse/presentations/lectures/twelve-week/w05d01-example/node_modules/expand-range/node_modules/isarray'

npm manifest: 
  {
    "name": "w05d01-example",
    "version": "1.0.0",
    "description": "Lecture notes for W5D1",
    "main": "index.js",
    "scripts": {
      "test": "echo \"Error: no test specified\" && exit 1"
    },
    "keywords": [],
    "author": "",
    "license": "ISC",
    "dependencies": {
      "dotenv": "^8.1.0",
      "faker": "^4.1.0",
      "knex": "^0.19.5",
      "knex-csv-seeder": "^0.4.1",
      "pg": "^7.12.1"
    }
  }

yarn manifest: 
  No manifest

Lockfile: 
  No lockfile
